<?xml version="1.0" encoding="UTF-8"?>
<coverage generated="1592660234120" clover="3.2.0">
  <project timestamp="1592660234120" name="All files">
    <metrics statements="63" coveredstatements="59" conditionals="25" coveredconditionals="22" methods="28" coveredmethods="25" elements="116" coveredelements="106" complexity="0" loc="63" ncloc="63" packages="1" files="3" classes="3"/>
    <file name="expenseManager.js" path="C:\Users\palashWindows\dev\20JavaScript\expenseTracker\src\script\modules\expenseManager.js">
      <metrics statements="47" coveredstatements="44" conditionals="19" coveredconditionals="17" methods="26" coveredmethods="23"/>
      <line num="1" count="1" type="stmt"/>
      <line num="2" count="1" type="stmt"/>
      <line num="3" count="1" type="stmt"/>
      <line num="6" count="15" type="cond" truecount="1" falsecount="1"/>
      <line num="7" count="15" type="stmt"/>
      <line num="10" count="0" type="stmt"/>
      <line num="12" count="15" type="stmt"/>
      <line num="13" count="15" type="stmt"/>
      <line num="16" count="15" type="cond" truecount="2" falsecount="0"/>
      <line num="17" count="1" type="stmt"/>
      <line num="19" count="14" type="cond" truecount="2" falsecount="0"/>
      <line num="20" count="1" type="stmt"/>
      <line num="22" count="13" type="cond" truecount="2" falsecount="0"/>
      <line num="23" count="13" type="stmt"/>
      <line num="25" count="13" type="cond" truecount="1" falsecount="1"/>
      <line num="26" count="13" type="stmt"/>
      <line num="29" count="1" type="stmt"/>
      <line num="32" count="4" type="stmt"/>
      <line num="33" count="4" type="stmt"/>
      <line num="36" count="1" type="stmt"/>
      <line num="37" count="1" type="stmt"/>
      <line num="63" count="6" type="stmt"/>
      <line num="64" count="6" type="cond" truecount="2" falsecount="0"/>
      <line num="65" count="3" type="stmt"/>
      <line num="67" count="3" type="stmt"/>
      <line num="69" count="6" type="stmt"/>
      <line num="70" count="3" type="stmt"/>
      <line num="73" count="4" type="stmt"/>
      <line num="74" count="4" type="stmt"/>
      <line num="75" count="2" type="stmt"/>
      <line num="76" count="2" type="stmt"/>
      <line num="77" count="3" type="stmt"/>
      <line num="80" count="4" type="stmt"/>
      <line num="81" count="4" type="stmt"/>
      <line num="82" count="2" type="stmt"/>
      <line num="83" count="2" type="stmt"/>
      <line num="84" count="3" type="stmt"/>
      <line num="87" count="0" type="stmt"/>
      <line num="90" count="2" type="cond" truecount="5" falsecount="0"/>
      <line num="91" count="1" type="stmt"/>
      <line num="93" count="1" type="stmt"/>
      <line num="94" count="1" type="stmt"/>
      <line num="95" count="2" type="cond" truecount="2" falsecount="0"/>
      <line num="96" count="2" type="stmt"/>
      <line num="97" count="2" type="stmt"/>
      <line num="101" count="0" type="stmt"/>
      <line num="105" count="1" type="stmt"/>
    </file>
    <file name="expenseType.js" path="C:\Users\palashWindows\dev\20JavaScript\expenseTracker\src\script\modules\expenseType.js">
      <metrics statements="2" coveredstatements="2" conditionals="0" coveredconditionals="0" methods="0" coveredmethods="0"/>
      <line num="1" count="2" type="stmt"/>
      <line num="5" count="2" type="stmt"/>
    </file>
    <file name="transaction.js" path="C:\Users\palashWindows\dev\20JavaScript\expenseTracker\src\script\modules\transaction.js">
      <metrics statements="14" coveredstatements="13" conditionals="6" coveredconditionals="5" methods="2" coveredmethods="2"/>
      <line num="1" count="2" type="stmt"/>
      <line num="4" count="26" type="stmt"/>
      <line num="5" count="26" type="stmt"/>
      <line num="6" count="26" type="stmt"/>
      <line num="7" count="26" type="stmt"/>
      <line num="8" count="26" type="cond" truecount="2" falsecount="0"/>
      <line num="9" count="24" type="stmt"/>
      <line num="12" count="2" type="stmt"/>
      <line num="14" count="26" type="cond" truecount="1" falsecount="1"/>
      <line num="15" count="0" type="stmt"/>
      <line num="18" count="26" type="stmt"/>
      <line num="22" count="6" type="cond" truecount="2" falsecount="0"/>
      <line num="23" count="6" type="stmt"/>
      <line num="26" count="2" type="stmt"/>
    </file>
  </project>
</coverage>
