{"C:\\Users\\palashWindows\\dev\\20JavaScript\\expenseTracker\\src\\script\\modules\\expenseManager.js": {"path":"C:\\Users\\palashWindows\\dev\\20JavaScript\\expenseTracker\\src\\script\\modules\\expenseManager.js","statementMap":{"0":{"start":{"line":1,"column":20},"end":{"line":1,"column":44}},"1":{"start":{"line":2,"column":20},"end":{"line":2,"column":44}},"2":{"start":{"line":5,"column":8},"end":{"line":5,"column":34}},"3":{"start":{"line":8,"column":8},"end":{"line":10,"column":9}},"4":{"start":{"line":9,"column":12},"end":{"line":9,"column":63}},"5":{"start":{"line":11,"column":8},"end":{"line":13,"column":9}},"6":{"start":{"line":12,"column":12},"end":{"line":12,"column":52}},"7":{"start":{"line":14,"column":19},"end":{"line":14,"column":85}},"8":{"start":{"line":15,"column":8},"end":{"line":15,"column":34}},"9":{"start":{"line":16,"column":26},"end":{"line":16,"column":66}},"10":{"start":{"line":17,"column":8},"end":{"line":17,"column":46}},"11":{"start":{"line":20,"column":8},"end":{"line":20,"column":36}},"12":{"start":{"line":23,"column":21},"end":{"line":23,"column":80}},"13":{"start":{"line":23,"column":50},"end":{"line":23,"column":60}},"14":{"start":{"line":23,"column":76},"end":{"line":23,"column":79}},"15":{"start":{"line":24,"column":8},"end":{"line":24,"column":66}},"16":{"start":{"line":27,"column":8},"end":{"line":50,"column":23}},"17":{"start":{"line":53,"column":28},"end":{"line":59,"column":27}},"18":{"start":{"line":54,"column":12},"end":{"line":57,"column":33}},"19":{"start":{"line":55,"column":16},"end":{"line":55,"column":33}},"20":{"start":{"line":57,"column":17},"end":{"line":57,"column":33}},"21":{"start":{"line":59,"column":23},"end":{"line":59,"column":26}},"22":{"start":{"line":60,"column":8},"end":{"line":60,"column":29}},"23":{"start":{"line":63,"column":28},"end":{"line":66,"column":27}},"24":{"start":{"line":64,"column":19},"end":{"line":64,"column":57}},"25":{"start":{"line":65,"column":17},"end":{"line":65,"column":25}},"26":{"start":{"line":66,"column":23},"end":{"line":66,"column":26}},"27":{"start":{"line":67,"column":8},"end":{"line":67,"column":29}},"28":{"start":{"line":70,"column":28},"end":{"line":73,"column":27}},"29":{"start":{"line":71,"column":19},"end":{"line":71,"column":57}},"30":{"start":{"line":72,"column":17},"end":{"line":72,"column":26}},"31":{"start":{"line":73,"column":23},"end":{"line":73,"column":26}},"32":{"start":{"line":74,"column":8},"end":{"line":74,"column":29}},"33":{"start":{"line":78,"column":0},"end":{"line":78,"column":31}}},"fnMap":{"0":{"name":"(anonymous_0)","decl":{"start":{"line":4,"column":4},"end":{"line":4,"column":5}},"loc":{"start":{"line":4,"column":17},"end":{"line":6,"column":5}},"line":4},"1":{"name":"(anonymous_1)","decl":{"start":{"line":7,"column":4},"end":{"line":7,"column":5}},"loc":{"start":{"line":7,"column":37},"end":{"line":18,"column":5}},"line":7},"2":{"name":"(anonymous_2)","decl":{"start":{"line":19,"column":4},"end":{"line":19,"column":5}},"loc":{"start":{"line":19,"column":21},"end":{"line":21,"column":5}},"line":19},"3":{"name":"(anonymous_3)","decl":{"start":{"line":22,"column":4},"end":{"line":22,"column":5}},"loc":{"start":{"line":22,"column":12},"end":{"line":25,"column":5}},"line":22},"4":{"name":"(anonymous_4)","decl":{"start":{"line":23,"column":46},"end":{"line":23,"column":47}},"loc":{"start":{"line":23,"column":50},"end":{"line":23,"column":60}},"line":23},"5":{"name":"(anonymous_5)","decl":{"start":{"line":23,"column":69},"end":{"line":23,"column":70}},"loc":{"start":{"line":23,"column":76},"end":{"line":23,"column":79}},"line":23},"6":{"name":"(anonymous_6)","decl":{"start":{"line":26,"column":4},"end":{"line":26,"column":5}},"loc":{"start":{"line":26,"column":25},"end":{"line":51,"column":5}},"line":26},"7":{"name":"(anonymous_7)","decl":{"start":{"line":52,"column":4},"end":{"line":52,"column":5}},"loc":{"start":{"line":52,"column":17},"end":{"line":61,"column":5}},"line":52},"8":{"name":"(anonymous_8)","decl":{"start":{"line":53,"column":54},"end":{"line":53,"column":55}},"loc":{"start":{"line":53,"column":57},"end":{"line":58,"column":9}},"line":53},"9":{"name":"(anonymous_9)","decl":{"start":{"line":59,"column":16},"end":{"line":59,"column":17}},"loc":{"start":{"line":59,"column":23},"end":{"line":59,"column":26}},"line":59},"10":{"name":"(anonymous_10)","decl":{"start":{"line":62,"column":4},"end":{"line":62,"column":5}},"loc":{"start":{"line":62,"column":26},"end":{"line":68,"column":5}},"line":62},"11":{"name":"(anonymous_11)","decl":{"start":{"line":64,"column":16},"end":{"line":64,"column":17}},"loc":{"start":{"line":64,"column":19},"end":{"line":64,"column":57}},"line":64},"12":{"name":"(anonymous_12)","decl":{"start":{"line":65,"column":14},"end":{"line":65,"column":15}},"loc":{"start":{"line":65,"column":17},"end":{"line":65,"column":25}},"line":65},"13":{"name":"(anonymous_13)","decl":{"start":{"line":66,"column":16},"end":{"line":66,"column":17}},"loc":{"start":{"line":66,"column":23},"end":{"line":66,"column":26}},"line":66},"14":{"name":"(anonymous_14)","decl":{"start":{"line":69,"column":4},"end":{"line":69,"column":5}},"loc":{"start":{"line":69,"column":25},"end":{"line":75,"column":5}},"line":69},"15":{"name":"(anonymous_15)","decl":{"start":{"line":71,"column":16},"end":{"line":71,"column":17}},"loc":{"start":{"line":71,"column":19},"end":{"line":71,"column":57}},"line":71},"16":{"name":"(anonymous_16)","decl":{"start":{"line":72,"column":14},"end":{"line":72,"column":15}},"loc":{"start":{"line":72,"column":17},"end":{"line":72,"column":26}},"line":72},"17":{"name":"(anonymous_17)","decl":{"start":{"line":73,"column":16},"end":{"line":73,"column":17}},"loc":{"start":{"line":73,"column":23},"end":{"line":73,"column":26}},"line":73}},"branchMap":{"0":{"loc":{"start":{"line":8,"column":8},"end":{"line":10,"column":9}},"type":"if","locations":[{"start":{"line":8,"column":8},"end":{"line":10,"column":9}},{"start":{"line":8,"column":8},"end":{"line":10,"column":9}}],"line":8},"1":{"loc":{"start":{"line":11,"column":8},"end":{"line":13,"column":9}},"type":"if","locations":[{"start":{"line":11,"column":8},"end":{"line":13,"column":9}},{"start":{"line":11,"column":8},"end":{"line":13,"column":9}}],"line":11},"2":{"loc":{"start":{"line":14,"column":19},"end":{"line":14,"column":85}},"type":"cond-expr","locations":[{"start":{"line":14,"column":28},"end":{"line":14,"column":56}},{"start":{"line":14,"column":57},"end":{"line":14,"column":85}}],"line":14},"3":{"loc":{"start":{"line":54,"column":12},"end":{"line":57,"column":33}},"type":"if","locations":[{"start":{"line":54,"column":12},"end":{"line":57,"column":33}},{"start":{"line":54,"column":12},"end":{"line":57,"column":33}}],"line":54}},"s":{"0":1,"1":1,"2":10,"3":15,"4":1,"5":14,"6":1,"7":13,"8":13,"9":13,"10":13,"11":1,"12":2,"13":4,"14":2,"15":2,"16":1,"17":2,"18":4,"19":2,"20":2,"21":2,"22":2,"23":2,"24":4,"25":2,"26":0,"27":2,"28":1,"29":2,"30":1,"31":0,"32":1,"33":1},"f":{"0":10,"1":15,"2":1,"3":2,"4":4,"5":2,"6":1,"7":2,"8":4,"9":2,"10":2,"11":4,"12":2,"13":0,"14":1,"15":2,"16":1,"17":0},"b":{"0":[1,14],"1":[1,13],"2":[7,6],"3":[2,2]},"_coverageSchema":"1a1c01bbd47fc00a2c39e90264f33305004495a9","hash":"197bc40343decc5c59f74aba009de63d1781ab3d"}
,"C:\\Users\\palashWindows\\dev\\20JavaScript\\expenseTracker\\src\\script\\modules\\expenseType.js": {"path":"C:\\Users\\palashWindows\\dev\\20JavaScript\\expenseTracker\\src\\script\\modules\\expenseType.js","statementMap":{"0":{"start":{"line":1,"column":19},"end":{"line":4,"column":1}},"1":{"start":{"line":5,"column":0},"end":{"line":5,"column":29}}},"fnMap":{},"branchMap":{},"s":{"0":2,"1":2},"f":{},"b":{},"_coverageSchema":"1a1c01bbd47fc00a2c39e90264f33305004495a9","hash":"93178f70d7626fa5ec3b761337013c9f0ae3c8af"}
,"C:\\Users\\palashWindows\\dev\\20JavaScript\\expenseTracker\\src\\script\\modules\\transaction.js": {"path":"C:\\Users\\palashWindows\\dev\\20JavaScript\\expenseTracker\\src\\script\\modules\\transaction.js","statementMap":{"0":{"start":{"line":1,"column":24},"end":{"line":1,"column":48}},"1":{"start":{"line":4,"column":8},"end":{"line":4,"column":29}},"2":{"start":{"line":5,"column":8},"end":{"line":5,"column":31}},"3":{"start":{"line":6,"column":8},"end":{"line":6,"column":36}},"4":{"start":{"line":7,"column":8},"end":{"line":7,"column":48}},"5":{"start":{"line":10,"column":19},"end":{"line":10,"column":85}},"6":{"start":{"line":11,"column":8},"end":{"line":11,"column":170}},"7":{"start":{"line":14,"column":0},"end":{"line":14,"column":29}}},"fnMap":{"0":{"name":"(anonymous_0)","decl":{"start":{"line":3,"column":4},"end":{"line":3,"column":5}},"loc":{"start":{"line":3,"column":51},"end":{"line":8,"column":5}},"line":3},"1":{"name":"(anonymous_1)","decl":{"start":{"line":9,"column":4},"end":{"line":9,"column":5}},"loc":{"start":{"line":9,"column":12},"end":{"line":12,"column":5}},"line":9}},"branchMap":{"0":{"loc":{"start":{"line":10,"column":19},"end":{"line":10,"column":85}},"type":"cond-expr","locations":[{"start":{"line":10,"column":63},"end":{"line":10,"column":73}},{"start":{"line":10,"column":74},"end":{"line":10,"column":85}}],"line":10}},"s":{"0":2,"1":25,"2":25,"3":25,"4":25,"5":5,"6":5,"7":2},"f":{"0":25,"1":5},"b":{"0":[2,3]},"_coverageSchema":"1a1c01bbd47fc00a2c39e90264f33305004495a9","hash":"ffbcb842a817dcaa2b3260c8f638d568090f4a78"}
}
