{"C:\\Users\\palashWindows\\dev\\20JavaScript\\expenseTracker\\src\\script\\modules\\expenseManager.js": {"path":"C:\\Users\\palashWindows\\dev\\20JavaScript\\expenseTracker\\src\\script\\modules\\expenseManager.js","statementMap":{"0":{"start":{"line":1,"column":20},"end":{"line":1,"column":44}},"1":{"start":{"line":2,"column":20},"end":{"line":2,"column":44}},"2":{"start":{"line":3,"column":23},"end":{"line":3,"column":38}},"3":{"start":{"line":6,"column":8},"end":{"line":11,"column":9}},"4":{"start":{"line":7,"column":12},"end":{"line":7,"column":33}},"5":{"start":{"line":10,"column":12},"end":{"line":10,"column":34}},"6":{"start":{"line":12,"column":8},"end":{"line":12,"column":34}},"7":{"start":{"line":13,"column":8},"end":{"line":13,"column":18}},"8":{"start":{"line":16,"column":8},"end":{"line":18,"column":9}},"9":{"start":{"line":17,"column":12},"end":{"line":17,"column":63}},"10":{"start":{"line":19,"column":8},"end":{"line":21,"column":9}},"11":{"start":{"line":20,"column":12},"end":{"line":20,"column":52}},"12":{"start":{"line":22,"column":19},"end":{"line":22,"column":85}},"13":{"start":{"line":23,"column":8},"end":{"line":23,"column":34}},"14":{"start":{"line":25,"column":26},"end":{"line":25,"column":97}},"15":{"start":{"line":26,"column":8},"end":{"line":26,"column":46}},"16":{"start":{"line":29,"column":8},"end":{"line":29,"column":36}},"17":{"start":{"line":32,"column":21},"end":{"line":32,"column":106}},"18":{"start":{"line":32,"column":53},"end":{"line":32,"column":63}},"19":{"start":{"line":32,"column":73},"end":{"line":32,"column":83}},"20":{"start":{"line":32,"column":99},"end":{"line":32,"column":102}},"21":{"start":{"line":33,"column":8},"end":{"line":33,"column":66}},"22":{"start":{"line":36,"column":29},"end":{"line":36,"column":47}},"23":{"start":{"line":37,"column":8},"end":{"line":60,"column":23}},"24":{"start":{"line":63,"column":28},"end":{"line":69,"column":29}},"25":{"start":{"line":63,"column":60},"end":{"line":63,"column":70}},"26":{"start":{"line":64,"column":12},"end":{"line":67,"column":33}},"27":{"start":{"line":65,"column":16},"end":{"line":65,"column":33}},"28":{"start":{"line":67,"column":17},"end":{"line":67,"column":33}},"29":{"start":{"line":69,"column":23},"end":{"line":69,"column":26}},"30":{"start":{"line":70,"column":8},"end":{"line":70,"column":29}},"31":{"start":{"line":73,"column":28},"end":{"line":76,"column":29}},"32":{"start":{"line":73,"column":60},"end":{"line":73,"column":70}},"33":{"start":{"line":74,"column":19},"end":{"line":74,"column":57}},"34":{"start":{"line":75,"column":17},"end":{"line":75,"column":25}},"35":{"start":{"line":76,"column":23},"end":{"line":76,"column":26}},"36":{"start":{"line":77,"column":8},"end":{"line":77,"column":29}},"37":{"start":{"line":80,"column":28},"end":{"line":83,"column":29}},"38":{"start":{"line":80,"column":60},"end":{"line":80,"column":70}},"39":{"start":{"line":81,"column":19},"end":{"line":81,"column":57}},"40":{"start":{"line":82,"column":17},"end":{"line":82,"column":25}},"41":{"start":{"line":83,"column":23},"end":{"line":83,"column":26}},"42":{"start":{"line":84,"column":8},"end":{"line":84,"column":29}},"43":{"start":{"line":87,"column":8},"end":{"line":87,"column":51}},"44":{"start":{"line":90,"column":8},"end":{"line":92,"column":9}},"45":{"start":{"line":91,"column":12},"end":{"line":91,"column":19}},"46":{"start":{"line":93,"column":19},"end":{"line":93,"column":41}},"47":{"start":{"line":94,"column":8},"end":{"line":98,"column":9}},"48":{"start":{"line":95,"column":34},"end":{"line":95,"column":99}},"49":{"start":{"line":96,"column":30},"end":{"line":96,"column":105}},"50":{"start":{"line":97,"column":12},"end":{"line":97,"column":51}},"51":{"start":{"line":101,"column":9},"end":{"line":101,"column":73}},"52":{"start":{"line":101,"column":39},"end":{"line":101,"column":58}},"53":{"start":{"line":105,"column":0},"end":{"line":105,"column":31}}},"fnMap":{"0":{"name":"(anonymous_0)","decl":{"start":{"line":5,"column":4},"end":{"line":5,"column":5}},"loc":{"start":{"line":5,"column":21},"end":{"line":14,"column":5}},"line":5},"1":{"name":"(anonymous_1)","decl":{"start":{"line":15,"column":4},"end":{"line":15,"column":5}},"loc":{"start":{"line":15,"column":37},"end":{"line":27,"column":5}},"line":15},"2":{"name":"(anonymous_2)","decl":{"start":{"line":28,"column":4},"end":{"line":28,"column":5}},"loc":{"start":{"line":28,"column":21},"end":{"line":30,"column":5}},"line":28},"3":{"name":"(anonymous_3)","decl":{"start":{"line":31,"column":4},"end":{"line":31,"column":5}},"loc":{"start":{"line":31,"column":12},"end":{"line":34,"column":5}},"line":31},"4":{"name":"(anonymous_4)","decl":{"start":{"line":32,"column":49},"end":{"line":32,"column":50}},"loc":{"start":{"line":32,"column":53},"end":{"line":32,"column":63}},"line":32},"5":{"name":"(anonymous_5)","decl":{"start":{"line":32,"column":69},"end":{"line":32,"column":70}},"loc":{"start":{"line":32,"column":73},"end":{"line":32,"column":83}},"line":32},"6":{"name":"(anonymous_6)","decl":{"start":{"line":32,"column":92},"end":{"line":32,"column":93}},"loc":{"start":{"line":32,"column":99},"end":{"line":32,"column":102}},"line":32},"7":{"name":"(anonymous_7)","decl":{"start":{"line":35,"column":4},"end":{"line":35,"column":5}},"loc":{"start":{"line":35,"column":25},"end":{"line":61,"column":5}},"line":35},"8":{"name":"(anonymous_8)","decl":{"start":{"line":62,"column":4},"end":{"line":62,"column":5}},"loc":{"start":{"line":62,"column":17},"end":{"line":71,"column":5}},"line":62},"9":{"name":"(anonymous_9)","decl":{"start":{"line":63,"column":56},"end":{"line":63,"column":57}},"loc":{"start":{"line":63,"column":60},"end":{"line":63,"column":70}},"line":63},"10":{"name":"(anonymous_10)","decl":{"start":{"line":63,"column":77},"end":{"line":63,"column":78}},"loc":{"start":{"line":63,"column":80},"end":{"line":68,"column":9}},"line":63},"11":{"name":"(anonymous_11)","decl":{"start":{"line":69,"column":16},"end":{"line":69,"column":17}},"loc":{"start":{"line":69,"column":23},"end":{"line":69,"column":26}},"line":69},"12":{"name":"(anonymous_12)","decl":{"start":{"line":72,"column":4},"end":{"line":72,"column":5}},"loc":{"start":{"line":72,"column":26},"end":{"line":78,"column":5}},"line":72},"13":{"name":"(anonymous_13)","decl":{"start":{"line":73,"column":56},"end":{"line":73,"column":57}},"loc":{"start":{"line":73,"column":60},"end":{"line":73,"column":70}},"line":73},"14":{"name":"(anonymous_14)","decl":{"start":{"line":74,"column":16},"end":{"line":74,"column":17}},"loc":{"start":{"line":74,"column":19},"end":{"line":74,"column":57}},"line":74},"15":{"name":"(anonymous_15)","decl":{"start":{"line":75,"column":14},"end":{"line":75,"column":15}},"loc":{"start":{"line":75,"column":17},"end":{"line":75,"column":25}},"line":75},"16":{"name":"(anonymous_16)","decl":{"start":{"line":76,"column":16},"end":{"line":76,"column":17}},"loc":{"start":{"line":76,"column":23},"end":{"line":76,"column":26}},"line":76},"17":{"name":"(anonymous_17)","decl":{"start":{"line":79,"column":4},"end":{"line":79,"column":5}},"loc":{"start":{"line":79,"column":25},"end":{"line":85,"column":5}},"line":79},"18":{"name":"(anonymous_18)","decl":{"start":{"line":80,"column":56},"end":{"line":80,"column":57}},"loc":{"start":{"line":80,"column":60},"end":{"line":80,"column":70}},"line":80},"19":{"name":"(anonymous_19)","decl":{"start":{"line":81,"column":16},"end":{"line":81,"column":17}},"loc":{"start":{"line":81,"column":19},"end":{"line":81,"column":57}},"line":81},"20":{"name":"(anonymous_20)","decl":{"start":{"line":82,"column":14},"end":{"line":82,"column":15}},"loc":{"start":{"line":82,"column":17},"end":{"line":82,"column":25}},"line":82},"21":{"name":"(anonymous_21)","decl":{"start":{"line":83,"column":16},"end":{"line":83,"column":17}},"loc":{"start":{"line":83,"column":23},"end":{"line":83,"column":26}},"line":83},"22":{"name":"(anonymous_22)","decl":{"start":{"line":86,"column":4},"end":{"line":86,"column":5}},"loc":{"start":{"line":86,"column":15},"end":{"line":88,"column":5}},"line":86},"23":{"name":"(anonymous_23)","decl":{"start":{"line":89,"column":4},"end":{"line":89,"column":5}},"loc":{"start":{"line":89,"column":27},"end":{"line":99,"column":5}},"line":89},"24":{"name":"(anonymous_24)","decl":{"start":{"line":100,"column":4},"end":{"line":100,"column":5}},"loc":{"start":{"line":100,"column":36},"end":{"line":102,"column":5}},"line":100},"25":{"name":"(anonymous_25)","decl":{"start":{"line":101,"column":35},"end":{"line":101,"column":36}},"loc":{"start":{"line":101,"column":39},"end":{"line":101,"column":58}},"line":101}},"branchMap":{"0":{"loc":{"start":{"line":6,"column":8},"end":{"line":11,"column":9}},"type":"if","locations":[{"start":{"line":6,"column":8},"end":{"line":11,"column":9}},{"start":{"line":6,"column":8},"end":{"line":11,"column":9}}],"line":6},"1":{"loc":{"start":{"line":16,"column":8},"end":{"line":18,"column":9}},"type":"if","locations":[{"start":{"line":16,"column":8},"end":{"line":18,"column":9}},{"start":{"line":16,"column":8},"end":{"line":18,"column":9}}],"line":16},"2":{"loc":{"start":{"line":19,"column":8},"end":{"line":21,"column":9}},"type":"if","locations":[{"start":{"line":19,"column":8},"end":{"line":21,"column":9}},{"start":{"line":19,"column":8},"end":{"line":21,"column":9}}],"line":19},"3":{"loc":{"start":{"line":22,"column":19},"end":{"line":22,"column":85}},"type":"cond-expr","locations":[{"start":{"line":22,"column":28},"end":{"line":22,"column":56}},{"start":{"line":22,"column":57},"end":{"line":22,"column":85}}],"line":22},"4":{"loc":{"start":{"line":25,"column":67},"end":{"line":25,"column":96}},"type":"cond-expr","locations":[{"start":{"line":25,"column":81},"end":{"line":25,"column":87}},{"start":{"line":25,"column":88},"end":{"line":25,"column":96}}],"line":25},"5":{"loc":{"start":{"line":64,"column":12},"end":{"line":67,"column":33}},"type":"if","locations":[{"start":{"line":64,"column":12},"end":{"line":67,"column":33}},{"start":{"line":64,"column":12},"end":{"line":67,"column":33}}],"line":64},"6":{"loc":{"start":{"line":90,"column":8},"end":{"line":92,"column":9}},"type":"if","locations":[{"start":{"line":90,"column":8},"end":{"line":92,"column":9}},{"start":{"line":90,"column":8},"end":{"line":92,"column":9}}],"line":90},"7":{"loc":{"start":{"line":90,"column":11},"end":{"line":90,"column":68}},"type":"binary-expr","locations":[{"start":{"line":90,"column":11},"end":{"line":90,"column":27}},{"start":{"line":90,"column":29},"end":{"line":90,"column":51}},{"start":{"line":90,"column":54},"end":{"line":90,"column":68}}],"line":90},"8":{"loc":{"start":{"line":95,"column":34},"end":{"line":95,"column":99}},"type":"cond-expr","locations":[{"start":{"line":95,"column":42},"end":{"line":95,"column":70}},{"start":{"line":95,"column":71},"end":{"line":95,"column":99}}],"line":95}},"s":{"0":1,"1":1,"2":1,"3":15,"4":15,"5":0,"6":15,"7":15,"8":15,"9":1,"10":14,"11":1,"12":13,"13":13,"14":13,"15":13,"16":1,"17":4,"18":4,"19":4,"20":4,"21":4,"22":1,"23":1,"24":3,"25":6,"26":6,"27":3,"28":3,"29":6,"30":3,"31":3,"32":4,"33":4,"34":2,"35":2,"36":3,"37":3,"38":4,"39":4,"40":2,"41":2,"42":3,"43":0,"44":2,"45":1,"46":1,"47":1,"48":2,"49":2,"50":2,"51":0,"52":0,"53":1},"f":{"0":15,"1":15,"2":1,"3":4,"4":4,"5":4,"6":4,"7":1,"8":3,"9":6,"10":6,"11":6,"12":3,"13":4,"14":4,"15":2,"16":2,"17":3,"18":4,"19":4,"20":2,"21":2,"22":0,"23":2,"24":0,"25":0},"b":{"0":[15,0],"1":[1,14],"2":[1,13],"3":[7,6],"4":[13,0],"5":[3,3],"6":[1,1],"7":[2,2,2],"8":[1,1]},"_coverageSchema":"1a1c01bbd47fc00a2c39e90264f33305004495a9","hash":"dc64658cfa28eee36e59cde92d58acbdea38efb3"}
,"C:\\Users\\palashWindows\\dev\\20JavaScript\\expenseTracker\\src\\script\\modules\\expenseType.js": {"path":"C:\\Users\\palashWindows\\dev\\20JavaScript\\expenseTracker\\src\\script\\modules\\expenseType.js","statementMap":{"0":{"start":{"line":1,"column":19},"end":{"line":4,"column":1}},"1":{"start":{"line":5,"column":0},"end":{"line":5,"column":29}}},"fnMap":{},"branchMap":{},"s":{"0":2,"1":2},"f":{},"b":{},"_coverageSchema":"1a1c01bbd47fc00a2c39e90264f33305004495a9","hash":"93178f70d7626fa5ec3b761337013c9f0ae3c8af"}
,"C:\\Users\\palashWindows\\dev\\20JavaScript\\expenseTracker\\src\\script\\modules\\transaction.js": {"path":"C:\\Users\\palashWindows\\dev\\20JavaScript\\expenseTracker\\src\\script\\modules\\transaction.js","statementMap":{"0":{"start":{"line":1,"column":24},"end":{"line":1,"column":48}},"1":{"start":{"line":4,"column":8},"end":{"line":4,"column":29}},"2":{"start":{"line":5,"column":8},"end":{"line":5,"column":31}},"3":{"start":{"line":6,"column":8},"end":{"line":6,"column":36}},"4":{"start":{"line":7,"column":8},"end":{"line":7,"column":21}},"5":{"start":{"line":8,"column":8},"end":{"line":13,"column":9}},"6":{"start":{"line":9,"column":8},"end":{"line":9,"column":48}},"7":{"start":{"line":12,"column":12},"end":{"line":12,"column":42}},"8":{"start":{"line":14,"column":8},"end":{"line":19,"column":9}},"9":{"start":{"line":15,"column":12},"end":{"line":15,"column":32}},"10":{"start":{"line":18,"column":8},"end":{"line":18,"column":29}},"11":{"start":{"line":22,"column":19},"end":{"line":22,"column":85}},"12":{"start":{"line":23,"column":8},"end":{"line":23,"column":215}},"13":{"start":{"line":26,"column":0},"end":{"line":26,"column":29}}},"fnMap":{"0":{"name":"(anonymous_0)","decl":{"start":{"line":3,"column":4},"end":{"line":3,"column":5}},"loc":{"start":{"line":3,"column":78},"end":{"line":20,"column":5}},"line":3},"1":{"name":"(anonymous_1)","decl":{"start":{"line":21,"column":4},"end":{"line":21,"column":5}},"loc":{"start":{"line":21,"column":12},"end":{"line":24,"column":5}},"line":21}},"branchMap":{"0":{"loc":{"start":{"line":8,"column":8},"end":{"line":13,"column":9}},"type":"if","locations":[{"start":{"line":8,"column":8},"end":{"line":13,"column":9}},{"start":{"line":8,"column":8},"end":{"line":13,"column":9}}],"line":8},"1":{"loc":{"start":{"line":14,"column":8},"end":{"line":19,"column":9}},"type":"if","locations":[{"start":{"line":14,"column":8},"end":{"line":19,"column":9}},{"start":{"line":14,"column":8},"end":{"line":19,"column":9}}],"line":14},"2":{"loc":{"start":{"line":22,"column":19},"end":{"line":22,"column":85}},"type":"cond-expr","locations":[{"start":{"line":22,"column":63},"end":{"line":22,"column":73}},{"start":{"line":22,"column":74},"end":{"line":22,"column":85}}],"line":22}},"s":{"0":2,"1":26,"2":26,"3":26,"4":26,"5":26,"6":24,"7":2,"8":26,"9":0,"10":26,"11":6,"12":6,"13":2},"f":{"0":26,"1":6},"b":{"0":[24,2],"1":[0,26],"2":[3,3]},"_coverageSchema":"1a1c01bbd47fc00a2c39e90264f33305004495a9","hash":"b16a168d004af959c8932dcc2bbc9cdbb926d8b8"}
}
