TN:
SF:src\script\modules\expenseManager.js
FN:5,(anonymous_0)
FN:15,(anonymous_1)
FN:28,(anonymous_2)
FN:31,(anonymous_3)
FN:32,(anonymous_4)
FN:32,(anonymous_5)
FN:32,(anonymous_6)
FN:35,(anonymous_7)
FN:62,(anonymous_8)
FN:63,(anonymous_9)
FN:63,(anonymous_10)
FN:69,(anonymous_11)
FN:72,(anonymous_12)
FN:73,(anonymous_13)
FN:74,(anonymous_14)
FN:75,(anonymous_15)
FN:76,(anonymous_16)
FN:79,(anonymous_17)
FN:80,(anonymous_18)
FN:81,(anonymous_19)
FN:82,(anonymous_20)
FN:83,(anonymous_21)
FN:86,(anonymous_22)
FN:89,(anonymous_23)
FN:100,(anonymous_24)
FN:101,(anonymous_25)
FNF:26
FNH:23
FNDA:15,(anonymous_0)
FNDA:15,(anonymous_1)
FNDA:1,(anonymous_2)
FNDA:4,(anonymous_3)
FNDA:4,(anonymous_4)
FNDA:4,(anonymous_5)
FNDA:4,(anonymous_6)
FNDA:1,(anonymous_7)
FNDA:3,(anonymous_8)
FNDA:6,(anonymous_9)
FNDA:6,(anonymous_10)
FNDA:6,(anonymous_11)
FNDA:3,(anonymous_12)
FNDA:4,(anonymous_13)
FNDA:4,(anonymous_14)
FNDA:2,(anonymous_15)
FNDA:2,(anonymous_16)
FNDA:3,(anonymous_17)
FNDA:4,(anonymous_18)
FNDA:4,(anonymous_19)
FNDA:2,(anonymous_20)
FNDA:2,(anonymous_21)
FNDA:0,(anonymous_22)
FNDA:2,(anonymous_23)
FNDA:0,(anonymous_24)
FNDA:0,(anonymous_25)
DA:1,1
DA:2,1
DA:3,1
DA:6,15
DA:7,15
DA:10,0
DA:12,15
DA:13,15
DA:16,15
DA:17,1
DA:19,14
DA:20,1
DA:22,13
DA:23,13
DA:25,13
DA:26,13
DA:29,1
DA:32,4
DA:33,4
DA:36,1
DA:37,1
DA:63,6
DA:64,6
DA:65,3
DA:67,3
DA:69,6
DA:70,3
DA:73,4
DA:74,4
DA:75,2
DA:76,2
DA:77,3
DA:80,4
DA:81,4
DA:82,2
DA:83,2
DA:84,3
DA:87,0
DA:90,2
DA:91,1
DA:93,1
DA:94,1
DA:95,2
DA:96,2
DA:97,2
DA:101,0
DA:105,1
LF:47
LH:44
BRDA:6,0,0,15
BRDA:6,0,1,0
BRDA:16,1,0,1
BRDA:16,1,1,14
BRDA:19,2,0,1
BRDA:19,2,1,13
BRDA:22,3,0,7
BRDA:22,3,1,6
BRDA:25,4,0,13
BRDA:25,4,1,0
BRDA:64,5,0,3
BRDA:64,5,1,3
BRDA:90,6,0,1
BRDA:90,6,1,1
BRDA:90,7,0,2
BRDA:90,7,1,2
BRDA:90,7,2,2
BRDA:95,8,0,1
BRDA:95,8,1,1
BRF:19
BRH:17
end_of_record
TN:
SF:src\script\modules\expenseType.js
FNF:0
FNH:0
DA:1,2
DA:5,2
LF:2
LH:2
BRF:0
BRH:0
end_of_record
TN:
SF:src\script\modules\transaction.js
FN:3,(anonymous_0)
FN:21,(anonymous_1)
FNF:2
FNH:2
FNDA:26,(anonymous_0)
FNDA:6,(anonymous_1)
DA:1,2
DA:4,26
DA:5,26
DA:6,26
DA:7,26
DA:8,26
DA:9,24
DA:12,2
DA:14,26
DA:15,0
DA:18,26
DA:22,6
DA:23,6
DA:26,2
LF:14
LH:13
BRDA:8,0,0,24
BRDA:8,0,1,2
BRDA:14,1,0,0
BRDA:14,1,1,26
BRDA:22,2,0,3
BRDA:22,2,1,3
BRF:6
BRH:5
end_of_record
