TN:
SF:src\script\modules\expenseManager.js
FN:5,(anonymous_0)
FN:14,(anonymous_1)
FN:36,(anonymous_2)
FN:39,(anonymous_3)
FN:41,(anonymous_4)
FN:42,(anonymous_5)
FN:43,(anonymous_6)
FN:46,(anonymous_7)
FN:73,(anonymous_8)
FN:75,(anonymous_9)
FN:76,(anonymous_10)
FN:81,(anonymous_11)
FN:84,(anonymous_12)
FN:86,(anonymous_13)
FN:87,(anonymous_14)
FN:88,(anonymous_15)
FN:89,(anonymous_16)
FN:92,(anonymous_17)
FN:94,(anonymous_18)
FN:95,(anonymous_19)
FN:96,(anonymous_20)
FN:97,(anonymous_21)
FN:100,(anonymous_22)
FN:103,(anonymous_23)
FN:124,(anonymous_24)
FN:125,(anonymous_25)
FNF:26
FNH:23
FNDA:15,(anonymous_0)
FNDA:15,(anonymous_1)
FNDA:1,(anonymous_2)
FNDA:4,(anonymous_3)
FNDA:4,(anonymous_4)
FNDA:4,(anonymous_5)
FNDA:4,(anonymous_6)
FNDA:1,(anonymous_7)
FNDA:3,(anonymous_8)
FNDA:6,(anonymous_9)
FNDA:6,(anonymous_10)
FNDA:6,(anonymous_11)
FNDA:3,(anonymous_12)
FNDA:4,(anonymous_13)
FNDA:4,(anonymous_14)
FNDA:2,(anonymous_15)
FNDA:2,(anonymous_16)
FNDA:3,(anonymous_17)
FNDA:4,(anonymous_18)
FNDA:4,(anonymous_19)
FNDA:2,(anonymous_20)
FNDA:2,(anonymous_21)
FNDA:0,(anonymous_22)
FNDA:2,(anonymous_23)
FNDA:0,(anonymous_24)
FNDA:0,(anonymous_25)
DA:1,1
DA:2,1
DA:3,1
DA:6,15
DA:7,15
DA:9,0
DA:11,15
DA:12,15
DA:15,15
DA:16,1
DA:18,14
DA:19,1
DA:22,13
DA:25,13
DA:27,13
DA:34,13
DA:37,1
DA:40,4
DA:41,4
DA:42,4
DA:43,4
DA:44,4
DA:47,1
DA:48,1
DA:74,3
DA:75,6
DA:77,6
DA:78,3
DA:79,3
DA:81,6
DA:82,3
DA:85,3
DA:86,4
DA:87,4
DA:88,2
DA:89,2
DA:90,3
DA:93,3
DA:94,4
DA:95,4
DA:96,2
DA:97,2
DA:98,3
DA:101,0
DA:104,2
DA:105,1
DA:107,1
DA:108,1
DA:110,2
DA:113,2
DA:121,2
DA:125,0
DA:129,1
LF:53
LH:50
BRDA:6,0,0,15
BRDA:6,0,1,0
BRDA:15,1,0,1
BRDA:15,1,1,14
BRDA:18,2,0,1
BRDA:18,2,1,13
BRDA:22,3,0,7
BRDA:22,3,1,6
BRDA:31,4,0,13
BRDA:31,4,1,0
BRDA:77,5,0,3
BRDA:77,5,1,3
BRDA:104,6,0,1
BRDA:104,6,1,1
BRDA:104,7,0,2
BRDA:104,7,1,2
BRDA:104,7,2,2
BRDA:110,8,0,1
BRDA:110,8,1,1
BRF:19
BRH:17
end_of_record
TN:
SF:src\script\modules\expenseType.js
FNF:0
FNH:0
DA:1,2
DA:5,2
LF:2
LH:2
BRF:0
BRH:0
end_of_record
TN:
SF:src\script\modules\transaction.js
FN:3,(anonymous_0)
FN:19,(anonymous_1)
FN:32,(anonymous_2)
FNF:3
FNH:3
FNDA:25,(anonymous_0)
FNDA:6,(anonymous_1)
FNDA:7,(anonymous_2)
DA:1,2
DA:4,25
DA:5,25
DA:6,25
DA:7,25
DA:8,25
DA:9,12
DA:11,13
DA:13,25
DA:14,0
DA:16,25
DA:21,6
DA:24,6
DA:33,7
DA:34,7
DA:35,7
DA:36,7
DA:37,7
DA:40,2
LF:19
LH:18
BRDA:8,0,0,12
BRDA:8,0,1,13
BRDA:13,1,0,0
BRDA:13,1,1,25
BRDA:21,2,0,3
BRDA:21,2,1,3
BRF:6
BRH:5
end_of_record
